<?xml version="1.0" encoding="UTF-8"?>
<coverage generated="1510690274442" clover="3.2.0">
  <project timestamp="1510690274442" name="All files">
    <metrics statements="120" coveredstatements="109" conditionals="59" coveredconditionals="57" methods="58" coveredmethods="47" elements="237" coveredelements="213" complexity="0" loc="120" ncloc="120" packages="6" files="17" classes="17">
      <package name="actions">
        <metrics statements="16" coveredstatements="16" conditionals="6" coveredconditionals="6" methods="8" coveredmethods="8"/>
        <file name="expenses.js" path="/Users/ttalhouk/Desktop/projects/udemy/react-mead/expensify/src/actions/expenses.js">
          <metrics statements="6" coveredstatements="6" conditionals="5" coveredconditionals="5" methods="3" coveredmethods="3"/>
          <line num="4" count="6" type="cond" truecount="5" falsecount="0"/>
          <line num="5" count="2" type="stmt"/>
          <line num="16" count="6" type="stmt"/>
          <line num="17" count="1" type="stmt"/>
          <line num="22" count="6" type="stmt"/>
          <line num="23" count="1" type="stmt"/>
        </file>
        <file name="filters.js" path="/Users/ttalhouk/Desktop/projects/udemy/react-mead/expensify/src/actions/filters.js">
          <metrics statements="10" coveredstatements="10" conditionals="1" coveredconditionals="1" methods="5" coveredmethods="5"/>
          <line num="1" count="3" type="cond" truecount="1" falsecount="0"/>
          <line num="2" count="2" type="stmt"/>
          <line num="8" count="3" type="stmt"/>
          <line num="9" count="1" type="stmt"/>
          <line num="14" count="3" type="stmt"/>
          <line num="15" count="1" type="stmt"/>
          <line num="20" count="3" type="stmt"/>
          <line num="21" count="1" type="stmt"/>
          <line num="26" count="3" type="stmt"/>
          <line num="27" count="1" type="stmt"/>
        </file>
      </package>
      <package name="components">
        <metrics statements="69" coveredstatements="58" conditionals="26" coveredconditionals="24" methods="43" coveredmethods="32"/>
        <file name="AddExpensePage.jsx" path="/Users/ttalhouk/Desktop/projects/udemy/react-mead/expensify/src/components/AddExpensePage.jsx">
          <metrics statements="6" coveredstatements="4" conditionals="0" coveredconditionals="0" methods="4" coveredmethods="2"/>
          <line num="9" count="1" type="stmt"/>
          <line num="10" count="1" type="stmt"/>
          <line num="13" count="2" type="stmt"/>
          <line num="25" count="1" type="stmt"/>
          <line num="26" count="0" type="stmt"/>
          <line num="28" count="0" type="stmt"/>
        </file>
        <file name="EditExpensePage.jsx" path="/Users/ttalhouk/Desktop/projects/udemy/react-mead/expensify/src/components/EditExpensePage.jsx">
          <metrics statements="12" coveredstatements="7" conditionals="0" coveredconditionals="0" methods="8" coveredmethods="3"/>
          <line num="12" count="1" type="stmt"/>
          <line num="13" count="1" type="stmt"/>
          <line num="16" count="1" type="stmt"/>
          <line num="17" count="1" type="stmt"/>
          <line num="21" count="3" type="stmt"/>
          <line num="39" count="1" type="stmt"/>
          <line num="40" count="0" type="stmt"/>
          <line num="42" count="0" type="stmt"/>
          <line num="46" count="1" type="stmt"/>
          <line num="47" count="0" type="stmt"/>
          <line num="48" count="0" type="stmt"/>
          <line num="49" count="0" type="stmt"/>
        </file>
        <file name="ExpenseDashboardPage.jsx" path="/Users/ttalhouk/Desktop/projects/udemy/react-mead/expensify/src/components/ExpenseDashboardPage.jsx">
          <metrics statements="2" coveredstatements="2" conditionals="0" coveredconditionals="0" methods="1" coveredmethods="1"/>
          <line num="6" count="1" type="stmt"/>
          <line num="7" count="1" type="stmt"/>
        </file>
        <file name="ExpenseForm.jsx" path="/Users/ttalhouk/Desktop/projects/udemy/react-mead/expensify/src/components/ExpenseForm.jsx">
          <metrics statements="26" coveredstatements="25" conditionals="20" coveredconditionals="19" methods="16" coveredmethods="15"/>
          <line num="7" count="10" type="stmt"/>
          <line num="8" count="10" type="stmt"/>
          <line num="18" count="1" type="stmt"/>
          <line num="19" count="1" type="stmt"/>
          <line num="20" count="1" type="stmt"/>
          <line num="24" count="1" type="stmt"/>
          <line num="25" count="1" type="stmt"/>
          <line num="26" count="1" type="stmt"/>
          <line num="30" count="3" type="stmt"/>
          <line num="31" count="3" type="cond" truecount="4" falsecount="0"/>
          <line num="32" count="2" type="stmt"/>
          <line num="33" count="2" type="stmt"/>
          <line num="38" count="1" type="cond" truecount="1" falsecount="1"/>
          <line num="39" count="1" type="stmt"/>
          <line num="40" count="1" type="stmt"/>
          <line num="45" count="1" type="stmt"/>
          <line num="46" count="1" type="stmt"/>
          <line num="50" count="2" type="stmt"/>
          <line num="51" count="2" type="cond" truecount="4" falsecount="0"/>
          <line num="52" count="1" type="stmt"/>
          <line num="53" count="1" type="stmt"/>
          <line num="56" count="1" type="stmt"/>
          <line num="57" count="1" type="stmt"/>
          <line num="59" count="1" type="stmt"/>
          <line num="69" count="18" type="stmt"/>
          <line num="100" count="0" type="stmt"/>
        </file>
        <file name="ExpenseList.jsx" path="/Users/ttalhouk/Desktop/projects/udemy/react-mead/expensify/src/components/ExpenseList.jsx">
          <metrics statements="5" coveredstatements="4" conditionals="2" coveredconditionals="2" methods="3" coveredmethods="2"/>
          <line num="8" count="2" type="stmt"/>
          <line num="9" count="2" type="stmt"/>
          <line num="14" count="3" type="stmt"/>
          <line num="23" count="2" type="stmt"/>
          <line num="24" count="0" type="stmt"/>
        </file>
        <file name="ExpenseListFilters.jsx" path="/Users/ttalhouk/Desktop/projects/udemy/react-mead/expensify/src/components/ExpenseListFilters.jsx">
          <metrics statements="12" coveredstatements="10" conditionals="4" coveredconditionals="3" methods="8" coveredmethods="6"/>
          <line num="13" count="2" type="stmt"/>
          <line num="14" count="2" type="stmt"/>
          <line num="17" count="1" type="stmt"/>
          <line num="20" count="1" type="stmt"/>
          <line num="23" count="2" type="cond" truecount="2" falsecount="0"/>
          <line num="24" count="1" type="stmt"/>
          <line num="25" count="1" type="cond" truecount="1" falsecount="1"/>
          <line num="26" count="1" type="stmt"/>
          <line num="30" count="13" type="stmt"/>
          <line num="50" count="0" type="stmt"/>
          <line num="58" count="2" type="stmt"/>
          <line num="59" count="0" type="stmt"/>
        </file>
        <file name="ExpenseListItem.jsx" path="/Users/ttalhouk/Desktop/projects/udemy/react-mead/expensify/src/components/ExpenseListItem.jsx">
          <metrics statements="2" coveredstatements="2" conditionals="0" coveredconditionals="0" methods="1" coveredmethods="1"/>
          <line num="5" count="3" type="stmt"/>
          <line num="6" count="1" type="stmt"/>
        </file>
        <file name="Header.jsx" path="/Users/ttalhouk/Desktop/projects/udemy/react-mead/expensify/src/components/Header.jsx">
          <metrics statements="2" coveredstatements="2" conditionals="0" coveredconditionals="0" methods="1" coveredmethods="1"/>
          <line num="4" count="1" type="stmt"/>
          <line num="5" count="1" type="stmt"/>
        </file>
        <file name="NotFoundPage.jsx" path="/Users/ttalhouk/Desktop/projects/udemy/react-mead/expensify/src/components/NotFoundPage.jsx">
          <metrics statements="2" coveredstatements="2" conditionals="0" coveredconditionals="0" methods="1" coveredmethods="1"/>
          <line num="4" count="1" type="stmt"/>
          <line num="5" count="1" type="stmt"/>
        </file>
      </package>
      <package name="reducers">
        <metrics statements="21" coveredstatements="21" conditionals="16" coveredconditionals="16" methods="4" coveredmethods="4"/>
        <file name="expensesReducer.js" path="/Users/ttalhouk/Desktop/projects/udemy/react-mead/expensify/src/reducers/expensesReducer.js">
          <metrics statements="12" coveredstatements="12" conditionals="9" coveredconditionals="9" methods="3" coveredmethods="3"/>
          <line num="3" count="1" type="stmt"/>
          <line num="5" count="1" type="cond" truecount="1" falsecount="0"/>
          <line num="6" count="6" type="cond" truecount="4" falsecount="0"/>
          <line num="8" count="1" type="stmt"/>
          <line num="10" count="2" type="stmt"/>
          <line num="11" count="6" type="cond" truecount="2" falsecount="0"/>
          <line num="12" count="5" type="stmt"/>
          <line num="16" count="2" type="stmt"/>
          <line num="17" count="6" type="cond" truecount="2" falsecount="0"/>
          <line num="18" count="1" type="stmt"/>
          <line num="20" count="5" type="stmt"/>
          <line num="23" count="1" type="stmt"/>
        </file>
        <file name="filtersReducer.js" path="/Users/ttalhouk/Desktop/projects/udemy/react-mead/expensify/src/reducers/filtersReducer.js">
          <metrics statements="9" coveredstatements="9" conditionals="7" coveredconditionals="7" methods="1" coveredmethods="1"/>
          <line num="4" count="1" type="stmt"/>
          <line num="11" count="1" type="cond" truecount="1" falsecount="0"/>
          <line num="12" count="6" type="cond" truecount="6" falsecount="0"/>
          <line num="14" count="1" type="stmt"/>
          <line num="16" count="1" type="stmt"/>
          <line num="18" count="1" type="stmt"/>
          <line num="20" count="1" type="stmt"/>
          <line num="22" count="1" type="stmt"/>
          <line num="24" count="1" type="stmt"/>
        </file>
      </package>
      <package name="selectors">
        <metrics statements="10" coveredstatements="10" conditionals="11" coveredconditionals="11" methods="3" coveredmethods="3"/>
        <file name="expenses.js" path="/Users/ttalhouk/Desktop/projects/udemy/react-mead/expensify/src/selectors/expenses.js">
          <metrics statements="10" coveredstatements="10" conditionals="11" coveredconditionals="11" methods="3" coveredmethods="3"/>
          <line num="3" count="3" type="stmt"/>
          <line num="4" count="5" type="stmt"/>
          <line num="7" count="15" type="cond" truecount="2" falsecount="0"/>
          <line num="8" count="15" type="cond" truecount="2" falsecount="0"/>
          <line num="9" count="15" type="stmt"/>
          <line num="11" count="15" type="cond" truecount="3" falsecount="0"/>
          <line num="13" count="7" type="cond" truecount="2" falsecount="0"/>
          <line num="14" count="2" type="stmt"/>
          <line num="15" count="5" type="cond" truecount="2" falsecount="0"/>
          <line num="16" count="3" type="stmt"/>
        </file>
      </package>
      <package name="tests">
        <metrics statements="1" coveredstatements="1" conditionals="0" coveredconditionals="0" methods="0" coveredmethods="0"/>
        <file name="setupTests.js" path="/Users/ttalhouk/Desktop/projects/udemy/react-mead/expensify/src/tests/setupTests.js">
          <metrics statements="1" coveredstatements="1" conditionals="0" coveredconditionals="0" methods="0" coveredmethods="0"/>
          <line num="4" count="14" type="stmt"/>
        </file>
      </package>
      <package name="tests.fixtures">
        <metrics statements="3" coveredstatements="3" conditionals="0" coveredconditionals="0" methods="0" coveredmethods="0"/>
        <file name="expenses.js" path="/Users/ttalhouk/Desktop/projects/udemy/react-mead/expensify/src/tests/fixtures/expenses.js">
          <metrics statements="1" coveredstatements="1" conditionals="0" coveredconditionals="0" methods="0" coveredmethods="0"/>
          <line num="3" count="9" type="stmt"/>
        </file>
        <file name="filters.js" path="/Users/ttalhouk/Desktop/projects/udemy/react-mead/expensify/src/tests/fixtures/filters.js">
          <metrics statements="2" coveredstatements="2" conditionals="0" coveredconditionals="0" methods="0" coveredmethods="0"/>
          <line num="3" count="1" type="stmt"/>
          <line num="10" count="1" type="stmt"/>
        </file>
      </package>
    </metrics>
  </project>
</coverage>
