{"/Users/ttalhouk/Desktop/projects/udemy/react-mead/expensify/src/actions/expenses.js": {"path":"/Users/ttalhouk/Desktop/projects/udemy/react-mead/expensify/src/actions/expenses.js","statementMap":{"0":{"start":{"line":4,"column":26},"end":{"line":15,"column":1}},"1":{"start":{"line":5,"column":2},"end":{"line":14,"column":3}},"2":{"start":{"line":16,"column":29},"end":{"line":21,"column":1}},"3":{"start":{"line":17,"column":2},"end":{"line":20,"column":3}},"4":{"start":{"line":22,"column":27},"end":{"line":30,"column":1}},"5":{"start":{"line":23,"column":2},"end":{"line":29,"column":3}}},"fnMap":{"0":{"name":"(anonymous_0)","decl":{"start":{"line":4,"column":26},"end":{"line":4,"column":27}},"loc":{"start":{"line":4,"column":93},"end":{"line":15,"column":1}},"line":4},"1":{"name":"(anonymous_1)","decl":{"start":{"line":16,"column":29},"end":{"line":16,"column":30}},"loc":{"start":{"line":16,"column":39},"end":{"line":21,"column":1}},"line":16},"2":{"name":"(anonymous_2)","decl":{"start":{"line":22,"column":27},"end":{"line":22,"column":28}},"loc":{"start":{"line":22,"column":44},"end":{"line":30,"column":1}},"line":22}},"branchMap":{"0":{"loc":{"start":{"line":4,"column":27},"end":{"line":4,"column":88}},"type":"default-arg","locations":[{"start":{"line":4,"column":86},"end":{"line":4,"column":88}}],"line":4},"1":{"loc":{"start":{"line":4,"column":28},"end":{"line":4,"column":44}},"type":"default-arg","locations":[{"start":{"line":4,"column":42},"end":{"line":4,"column":44}}],"line":4},"2":{"loc":{"start":{"line":4,"column":46},"end":{"line":4,"column":55}},"type":"default-arg","locations":[{"start":{"line":4,"column":53},"end":{"line":4,"column":55}}],"line":4},"3":{"loc":{"start":{"line":4,"column":57},"end":{"line":4,"column":67}},"type":"default-arg","locations":[{"start":{"line":4,"column":66},"end":{"line":4,"column":67}}],"line":4},"4":{"loc":{"start":{"line":4,"column":69},"end":{"line":4,"column":82}},"type":"default-arg","locations":[{"start":{"line":4,"column":81},"end":{"line":4,"column":82}}],"line":4}},"s":{"0":6,"1":2,"2":6,"3":1,"4":6,"5":1},"f":{"0":2,"1":1,"2":1},"b":{"0":[1],"1":[1],"2":[1],"3":[1],"4":[1]},"_coverageSchema":"332fd63041d2c1bcb487cc26dd0d5f7d97098a6c","hash":"f17b5f19d1e5a2b73e8c98ca2058b27b40c895dc"}
,"/Users/ttalhouk/Desktop/projects/udemy/react-mead/expensify/src/actions/filters.js": {"path":"/Users/ttalhouk/Desktop/projects/udemy/react-mead/expensify/src/actions/filters.js","statementMap":{"0":{"start":{"line":1,"column":29},"end":{"line":6,"column":1}},"1":{"start":{"line":2,"column":2},"end":{"line":5,"column":3}},"2":{"start":{"line":8,"column":28},"end":{"line":12,"column":1}},"3":{"start":{"line":9,"column":2},"end":{"line":11,"column":3}},"4":{"start":{"line":14,"column":26},"end":{"line":18,"column":1}},"5":{"start":{"line":15,"column":2},"end":{"line":17,"column":3}},"6":{"start":{"line":20,"column":28},"end":{"line":25,"column":1}},"7":{"start":{"line":21,"column":2},"end":{"line":24,"column":3}},"8":{"start":{"line":26,"column":26},"end":{"line":31,"column":1}},"9":{"start":{"line":27,"column":2},"end":{"line":30,"column":3}}},"fnMap":{"0":{"name":"(anonymous_0)","decl":{"start":{"line":1,"column":29},"end":{"line":1,"column":30}},"loc":{"start":{"line":1,"column":44},"end":{"line":6,"column":1}},"line":1},"1":{"name":"(anonymous_1)","decl":{"start":{"line":8,"column":28},"end":{"line":8,"column":29}},"loc":{"start":{"line":8,"column":34},"end":{"line":12,"column":1}},"line":8},"2":{"name":"(anonymous_2)","decl":{"start":{"line":14,"column":26},"end":{"line":14,"column":27}},"loc":{"start":{"line":14,"column":32},"end":{"line":18,"column":1}},"line":14},"3":{"name":"(anonymous_3)","decl":{"start":{"line":20,"column":28},"end":{"line":20,"column":29}},"loc":{"start":{"line":20,"column":38},"end":{"line":25,"column":1}},"line":20},"4":{"name":"(anonymous_4)","decl":{"start":{"line":26,"column":26},"end":{"line":26,"column":27}},"loc":{"start":{"line":26,"column":36},"end":{"line":31,"column":1}},"line":26}},"branchMap":{"0":{"loc":{"start":{"line":1,"column":30},"end":{"line":1,"column":39}},"type":"default-arg","locations":[{"start":{"line":1,"column":37},"end":{"line":1,"column":39}}],"line":1}},"s":{"0":3,"1":2,"2":3,"3":1,"4":3,"5":1,"6":3,"7":1,"8":3,"9":1},"f":{"0":2,"1":1,"2":1,"3":1,"4":1},"b":{"0":[1]},"_coverageSchema":"332fd63041d2c1bcb487cc26dd0d5f7d97098a6c","hash":"de859c1539d985d9193a1b100fe5aa9649b9aadd"}
,"/Users/ttalhouk/Desktop/projects/udemy/react-mead/expensify/src/components/AddExpensePage.jsx": {"path":"/Users/ttalhouk/Desktop/projects/udemy/react-mead/expensify/src/components/AddExpensePage.jsx","statementMap":{"0":{"start":{"line":9,"column":4},"end":{"line":9,"column":35}},"1":{"start":{"line":10,"column":4},"end":{"line":10,"column":32}},"2":{"start":{"line":13,"column":4},"end":{"line":20,"column":5}},"3":{"start":{"line":25,"column":27},"end":{"line":31,"column":1}},"4":{"start":{"line":26,"column":2},"end":{"line":30,"column":3}},"5":{"start":{"line":28,"column":6},"end":{"line":28,"column":35}}},"fnMap":{"0":{"name":"(anonymous_0)","decl":{"start":{"line":8,"column":13},"end":{"line":8,"column":14}},"loc":{"start":{"line":8,"column":26},"end":{"line":11,"column":3}},"line":8},"1":{"name":"(anonymous_1)","decl":{"start":{"line":12,"column":2},"end":{"line":12,"column":3}},"loc":{"start":{"line":12,"column":11},"end":{"line":21,"column":3}},"line":12},"2":{"name":"(anonymous_2)","decl":{"start":{"line":25,"column":27},"end":{"line":25,"column":28}},"loc":{"start":{"line":25,"column":41},"end":{"line":31,"column":1}},"line":25},"3":{"name":"(anonymous_3)","decl":{"start":{"line":27,"column":16},"end":{"line":27,"column":17}},"loc":{"start":{"line":27,"column":29},"end":{"line":29,"column":5}},"line":27}},"branchMap":{},"s":{"0":1,"1":1,"2":2,"3":1,"4":0,"5":0},"f":{"0":1,"1":2,"2":0,"3":0},"b":{},"_coverageSchema":"332fd63041d2c1bcb487cc26dd0d5f7d97098a6c","hash":"8e276193a193f4d6ad9bdceeb110f6d77793a381"}
,"/Users/ttalhouk/Desktop/projects/udemy/react-mead/expensify/src/components/EditExpensePage.jsx": {"path":"/Users/ttalhouk/Desktop/projects/udemy/react-mead/expensify/src/components/EditExpensePage.jsx","statementMap":{"0":{"start":{"line":12,"column":4},"end":{"line":12,"column":59}},"1":{"start":{"line":13,"column":4},"end":{"line":13,"column":33}},"2":{"start":{"line":16,"column":4},"end":{"line":16,"column":58}},"3":{"start":{"line":17,"column":4},"end":{"line":17,"column":33}},"4":{"start":{"line":21,"column":4},"end":{"line":35,"column":5}},"5":{"start":{"line":39,"column":24},"end":{"line":45,"column":1}},"6":{"start":{"line":40,"column":2},"end":{"line":44,"column":3}},"7":{"start":{"line":42,"column":6},"end":{"line":42,"column":49}},"8":{"start":{"line":46,"column":27},"end":{"line":51,"column":1}},"9":{"start":{"line":47,"column":2},"end":{"line":50,"column":3}},"10":{"start":{"line":48,"column":27},"end":{"line":48,"column":54}},"11":{"start":{"line":49,"column":34},"end":{"line":49,"column":68}}},"fnMap":{"0":{"name":"(anonymous_0)","decl":{"start":{"line":11,"column":20},"end":{"line":11,"column":21}},"loc":{"start":{"line":11,"column":33},"end":{"line":14,"column":3}},"line":11},"1":{"name":"(anonymous_1)","decl":{"start":{"line":15,"column":20},"end":{"line":15,"column":21}},"loc":{"start":{"line":15,"column":26},"end":{"line":18,"column":3}},"line":15},"2":{"name":"(anonymous_2)","decl":{"start":{"line":20,"column":2},"end":{"line":20,"column":3}},"loc":{"start":{"line":20,"column":11},"end":{"line":36,"column":3}},"line":20},"3":{"name":"(anonymous_3)","decl":{"start":{"line":39,"column":24},"end":{"line":39,"column":25}},"loc":{"start":{"line":39,"column":42},"end":{"line":45,"column":1}},"line":39},"4":{"name":"(anonymous_4)","decl":{"start":{"line":41,"column":33},"end":{"line":41,"column":34}},"loc":{"start":{"line":41,"column":46},"end":{"line":43,"column":5}},"line":41},"5":{"name":"(anonymous_5)","decl":{"start":{"line":46,"column":27},"end":{"line":46,"column":28}},"loc":{"start":{"line":46,"column":41},"end":{"line":51,"column":1}},"line":46},"6":{"name":"(anonymous_6)","decl":{"start":{"line":48,"column":19},"end":{"line":48,"column":20}},"loc":{"start":{"line":48,"column":27},"end":{"line":48,"column":54}},"line":48},"7":{"name":"(anonymous_7)","decl":{"start":{"line":49,"column":17},"end":{"line":49,"column":18}},"loc":{"start":{"line":49,"column":34},"end":{"line":49,"column":68}},"line":49}},"branchMap":{},"s":{"0":1,"1":1,"2":1,"3":1,"4":3,"5":1,"6":0,"7":0,"8":1,"9":0,"10":0,"11":0},"f":{"0":1,"1":1,"2":3,"3":0,"4":0,"5":0,"6":0,"7":0},"b":{},"_coverageSchema":"332fd63041d2c1bcb487cc26dd0d5f7d97098a6c","hash":"883988a8ee2b5b5fc7f5e8be3a7f981bb5e67580"}
,"/Users/ttalhouk/Desktop/projects/udemy/react-mead/expensify/src/components/ExpenseDashboardPage.jsx": {"path":"/Users/ttalhouk/Desktop/projects/udemy/react-mead/expensify/src/components/ExpenseDashboardPage.jsx","statementMap":{"0":{"start":{"line":6,"column":29},"end":{"line":11,"column":1}},"1":{"start":{"line":7,"column":2},"end":{"line":10,"column":8}}},"fnMap":{"0":{"name":"(anonymous_0)","decl":{"start":{"line":6,"column":29},"end":{"line":6,"column":30}},"loc":{"start":{"line":7,"column":2},"end":{"line":10,"column":8}},"line":7}},"branchMap":{},"s":{"0":1,"1":1},"f":{"0":1},"b":{},"_coverageSchema":"332fd63041d2c1bcb487cc26dd0d5f7d97098a6c","hash":"7a40e2e02a87fc50d220cc18b32ca2334c7a32de"}
,"/Users/ttalhouk/Desktop/projects/udemy/react-mead/expensify/src/components/ExpenseForm.jsx": {"path":"/Users/ttalhouk/Desktop/projects/udemy/react-mead/expensify/src/components/ExpenseForm.jsx","statementMap":{"0":{"start":{"line":7,"column":4},"end":{"line":7,"column":17}},"1":{"start":{"line":8,"column":4},"end":{"line":15,"column":5}},"2":{"start":{"line":18,"column":24},"end":{"line":18,"column":38}},"3":{"start":{"line":19,"column":4},"end":{"line":21,"column":7}},"4":{"start":{"line":20,"column":6},"end":{"line":20,"column":26}},"5":{"start":{"line":24,"column":17},"end":{"line":24,"column":31}},"6":{"start":{"line":25,"column":4},"end":{"line":27,"column":7}},"7":{"start":{"line":26,"column":6},"end":{"line":26,"column":19}},"8":{"start":{"line":30,"column":19},"end":{"line":30,"column":33}},"9":{"start":{"line":31,"column":4},"end":{"line":35,"column":5}},"10":{"start":{"line":32,"column":6},"end":{"line":34,"column":9}},"11":{"start":{"line":33,"column":8},"end":{"line":33,"column":23}},"12":{"start":{"line":38,"column":4},"end":{"line":42,"column":5}},"13":{"start":{"line":39,"column":6},"end":{"line":41,"column":9}},"14":{"start":{"line":40,"column":8},"end":{"line":40,"column":26}},"15":{"start":{"line":45,"column":4},"end":{"line":47,"column":6}},"16":{"start":{"line":46,"column":6},"end":{"line":46,"column":24}},"17":{"start":{"line":50,"column":4},"end":{"line":50,"column":23}},"18":{"start":{"line":51,"column":4},"end":{"line":65,"column":5}},"19":{"start":{"line":52,"column":6},"end":{"line":54,"column":8}},"20":{"start":{"line":53,"column":8},"end":{"line":53,"column":56}},"21":{"start":{"line":56,"column":6},"end":{"line":58,"column":9}},"22":{"start":{"line":57,"column":8},"end":{"line":57,"column":26}},"23":{"start":{"line":59,"column":6},"end":{"line":64,"column":8}},"24":{"start":{"line":69,"column":4},"end":{"line":114,"column":5}},"25":{"start":{"line":100,"column":37},"end":{"line":100,"column":49}}},"fnMap":{"0":{"name":"(anonymous_0)","decl":{"start":{"line":6,"column":2},"end":{"line":6,"column":3}},"loc":{"start":{"line":6,"column":20},"end":{"line":16,"column":3}},"line":6},"1":{"name":"(anonymous_1)","decl":{"start":{"line":17,"column":24},"end":{"line":17,"column":25}},"loc":{"start":{"line":17,"column":31},"end":{"line":22,"column":3}},"line":17},"2":{"name":"(anonymous_2)","decl":{"start":{"line":19,"column":18},"end":{"line":19,"column":19}},"loc":{"start":{"line":19,"column":24},"end":{"line":21,"column":5}},"line":19},"3":{"name":"(anonymous_3)","decl":{"start":{"line":23,"column":17},"end":{"line":23,"column":18}},"loc":{"start":{"line":23,"column":24},"end":{"line":28,"column":3}},"line":23},"4":{"name":"(anonymous_4)","decl":{"start":{"line":25,"column":18},"end":{"line":25,"column":19}},"loc":{"start":{"line":25,"column":24},"end":{"line":27,"column":5}},"line":25},"5":{"name":"(anonymous_5)","decl":{"start":{"line":29,"column":19},"end":{"line":29,"column":20}},"loc":{"start":{"line":29,"column":26},"end":{"line":36,"column":3}},"line":29},"6":{"name":"(anonymous_6)","decl":{"start":{"line":32,"column":20},"end":{"line":32,"column":21}},"loc":{"start":{"line":32,"column":26},"end":{"line":34,"column":7}},"line":32},"7":{"name":"(anonymous_7)","decl":{"start":{"line":37,"column":17},"end":{"line":37,"column":18}},"loc":{"start":{"line":37,"column":32},"end":{"line":43,"column":3}},"line":37},"8":{"name":"(anonymous_8)","decl":{"start":{"line":39,"column":20},"end":{"line":39,"column":21}},"loc":{"start":{"line":39,"column":26},"end":{"line":41,"column":7}},"line":39},"9":{"name":"(anonymous_9)","decl":{"start":{"line":44,"column":20},"end":{"line":44,"column":21}},"loc":{"start":{"line":44,"column":35},"end":{"line":48,"column":3}},"line":44},"10":{"name":"(anonymous_10)","decl":{"start":{"line":45,"column":18},"end":{"line":45,"column":19}},"loc":{"start":{"line":45,"column":24},"end":{"line":47,"column":5}},"line":45},"11":{"name":"(anonymous_11)","decl":{"start":{"line":49,"column":21},"end":{"line":49,"column":22}},"loc":{"start":{"line":49,"column":28},"end":{"line":66,"column":3}},"line":49},"12":{"name":"(anonymous_12)","decl":{"start":{"line":52,"column":20},"end":{"line":52,"column":21}},"loc":{"start":{"line":52,"column":26},"end":{"line":54,"column":7}},"line":52},"13":{"name":"(anonymous_13)","decl":{"start":{"line":56,"column":20},"end":{"line":56,"column":21}},"loc":{"start":{"line":56,"column":26},"end":{"line":58,"column":7}},"line":56},"14":{"name":"(anonymous_14)","decl":{"start":{"line":68,"column":2},"end":{"line":68,"column":3}},"loc":{"start":{"line":68,"column":12},"end":{"line":115,"column":3}},"line":68},"15":{"name":"(anonymous_15)","decl":{"start":{"line":100,"column":30},"end":{"line":100,"column":31}},"loc":{"start":{"line":100,"column":36},"end":{"line":100,"column":50}},"line":100}},"branchMap":{"0":{"loc":{"start":{"line":9,"column":19},"end":{"line":9,"column":65}},"type":"cond-expr","locations":[{"start":{"line":9,"column":35},"end":{"line":9,"column":60}},{"start":{"line":9,"column":63},"end":{"line":9,"column":65}}],"line":9},"1":{"loc":{"start":{"line":10,"column":14},"end":{"line":10,"column":74}},"type":"cond-expr","locations":[{"start":{"line":10,"column":30},"end":{"line":10,"column":69}},{"start":{"line":10,"column":72},"end":{"line":10,"column":74}}],"line":10},"2":{"loc":{"start":{"line":11,"column":12},"end":{"line":11,"column":51}},"type":"cond-expr","locations":[{"start":{"line":11,"column":28},"end":{"line":11,"column":46}},{"start":{"line":11,"column":49},"end":{"line":11,"column":51}}],"line":11},"3":{"loc":{"start":{"line":12,"column":17},"end":{"line":12,"column":75}},"type":"cond-expr","locations":[{"start":{"line":12,"column":33},"end":{"line":12,"column":64}},{"start":{"line":12,"column":67},"end":{"line":12,"column":75}}],"line":12},"4":{"loc":{"start":{"line":31,"column":4},"end":{"line":35,"column":5}},"type":"if","locations":[{"start":{"line":31,"column":4},"end":{"line":35,"column":5}},{"start":{"line":31,"column":4},"end":{"line":35,"column":5}}],"line":31},"5":{"loc":{"start":{"line":31,"column":8},"end":{"line":31,"column":55}},"type":"binary-expr","locations":[{"start":{"line":31,"column":8},"end":{"line":31,"column":15}},{"start":{"line":31,"column":19},"end":{"line":31,"column":55}}],"line":31},"6":{"loc":{"start":{"line":38,"column":4},"end":{"line":42,"column":5}},"type":"if","locations":[{"start":{"line":38,"column":4},"end":{"line":42,"column":5}},{"start":{"line":38,"column":4},"end":{"line":42,"column":5}}],"line":38},"7":{"loc":{"start":{"line":51,"column":4},"end":{"line":65,"column":5}},"type":"if","locations":[{"start":{"line":51,"column":4},"end":{"line":65,"column":5}},{"start":{"line":51,"column":4},"end":{"line":65,"column":5}}],"line":51},"8":{"loc":{"start":{"line":51,"column":8},"end":{"line":51,"column":53}},"type":"binary-expr","locations":[{"start":{"line":51,"column":8},"end":{"line":51,"column":31}},{"start":{"line":51,"column":35},"end":{"line":51,"column":53}}],"line":51},"9":{"loc":{"start":{"line":71,"column":9},"end":{"line":71,"column":54}},"type":"binary-expr","locations":[{"start":{"line":71,"column":9},"end":{"line":71,"column":25}},{"start":{"line":71,"column":29},"end":{"line":71,"column":54}}],"line":71}},"s":{"0":10,"1":10,"2":1,"3":1,"4":1,"5":1,"6":1,"7":1,"8":3,"9":3,"10":2,"11":2,"12":1,"13":1,"14":1,"15":1,"16":1,"17":2,"18":2,"19":1,"20":1,"21":1,"22":1,"23":1,"24":18,"25":0},"f":{"0":10,"1":1,"2":1,"3":1,"4":1,"5":3,"6":2,"7":1,"8":1,"9":1,"10":1,"11":2,"12":1,"13":1,"14":18,"15":0},"b":{"0":[2,8],"1":[2,8],"2":[2,8],"3":[2,8],"4":[2,1],"5":[3,3],"6":[1,0],"7":[1,1],"8":[2,1],"9":[18,1]},"_coverageSchema":"332fd63041d2c1bcb487cc26dd0d5f7d97098a6c","hash":"2e3240b7c02551cabd5578ab7a551aadd04efb86"}
,"/Users/ttalhouk/Desktop/projects/udemy/react-mead/expensify/src/components/ExpenseList.jsx": {"path":"/Users/ttalhouk/Desktop/projects/udemy/react-mead/expensify/src/components/ExpenseList.jsx","statementMap":{"0":{"start":{"line":8,"column":27},"end":{"line":21,"column":1}},"1":{"start":{"line":9,"column":2},"end":{"line":20,"column":3}},"2":{"start":{"line":14,"column":12},"end":{"line":14,"column":73}},"3":{"start":{"line":23,"column":24},"end":{"line":27,"column":1}},"4":{"start":{"line":24,"column":2},"end":{"line":26,"column":3}}},"fnMap":{"0":{"name":"(anonymous_0)","decl":{"start":{"line":8,"column":27},"end":{"line":8,"column":28}},"loc":{"start":{"line":8,"column":38},"end":{"line":21,"column":1}},"line":8},"1":{"name":"(anonymous_1)","decl":{"start":{"line":13,"column":29},"end":{"line":13,"column":30}},"loc":{"start":{"line":13,"column":42},"end":{"line":15,"column":11}},"line":13},"2":{"name":"(anonymous_2)","decl":{"start":{"line":23,"column":24},"end":{"line":23,"column":25}},"loc":{"start":{"line":23,"column":35},"end":{"line":27,"column":1}},"line":23}},"branchMap":{"0":{"loc":{"start":{"line":12,"column":8},"end":{"line":16,"column":9}},"type":"cond-expr","locations":[{"start":{"line":12,"column":39},"end":{"line":12,"column":75}},{"start":{"line":13,"column":10},"end":{"line":15,"column":12}}],"line":12}},"s":{"0":2,"1":2,"2":3,"3":2,"4":0},"f":{"0":2,"1":3,"2":0},"b":{"0":[1,1]},"_coverageSchema":"332fd63041d2c1bcb487cc26dd0d5f7d97098a6c","hash":"c6d9f5e3f8a2007d53fd6c25e40f8f99d6b70a8b"}
,"/Users/ttalhouk/Desktop/projects/udemy/react-mead/expensify/src/components/ExpenseListFilters.jsx": {"path":"/Users/ttalhouk/Desktop/projects/udemy/react-mead/expensify/src/components/ExpenseListFilters.jsx","statementMap":{"0":{"start":{"line":13,"column":4},"end":{"line":13,"column":39}},"1":{"start":{"line":14,"column":4},"end":{"line":14,"column":35}},"2":{"start":{"line":17,"column":4},"end":{"line":17,"column":44}},"3":{"start":{"line":17,"column":25},"end":{"line":17,"column":41}},"4":{"start":{"line":20,"column":4},"end":{"line":20,"column":45}},"5":{"start":{"line":23,"column":4},"end":{"line":27,"column":5}},"6":{"start":{"line":24,"column":6},"end":{"line":24,"column":30}},"7":{"start":{"line":25,"column":11},"end":{"line":27,"column":5}},"8":{"start":{"line":26,"column":6},"end":{"line":26,"column":32}},"9":{"start":{"line":30,"column":4},"end":{"line":54,"column":5}},"10":{"start":{"line":50,"column":33},"end":{"line":50,"column":45}},"11":{"start":{"line":58,"column":24},"end":{"line":62,"column":1}},"12":{"start":{"line":59,"column":2},"end":{"line":61,"column":3}}},"fnMap":{"0":{"name":"(anonymous_0)","decl":{"start":{"line":12,"column":18},"end":{"line":12,"column":19}},"loc":{"start":{"line":12,"column":46},"end":{"line":15,"column":3}},"line":12},"1":{"name":"(anonymous_1)","decl":{"start":{"line":16,"column":18},"end":{"line":16,"column":19}},"loc":{"start":{"line":16,"column":36},"end":{"line":18,"column":3}},"line":16},"2":{"name":"(anonymous_2)","decl":{"start":{"line":17,"column":18},"end":{"line":17,"column":19}},"loc":{"start":{"line":17,"column":25},"end":{"line":17,"column":41}},"line":17},"3":{"name":"(anonymous_3)","decl":{"start":{"line":19,"column":17},"end":{"line":19,"column":18}},"loc":{"start":{"line":19,"column":25},"end":{"line":21,"column":3}},"line":19},"4":{"name":"(anonymous_4)","decl":{"start":{"line":22,"column":19},"end":{"line":22,"column":20}},"loc":{"start":{"line":22,"column":26},"end":{"line":28,"column":3}},"line":22},"5":{"name":"(anonymous_5)","decl":{"start":{"line":29,"column":2},"end":{"line":29,"column":3}},"loc":{"start":{"line":29,"column":10},"end":{"line":55,"column":3}},"line":29},"6":{"name":"(anonymous_6)","decl":{"start":{"line":50,"column":26},"end":{"line":50,"column":27}},"loc":{"start":{"line":50,"column":32},"end":{"line":50,"column":46}},"line":50},"7":{"name":"(anonymous_7)","decl":{"start":{"line":58,"column":24},"end":{"line":58,"column":25}},"loc":{"start":{"line":58,"column":35},"end":{"line":62,"column":1}},"line":58}},"branchMap":{"0":{"loc":{"start":{"line":23,"column":4},"end":{"line":27,"column":5}},"type":"if","locations":[{"start":{"line":23,"column":4},"end":{"line":27,"column":5}},{"start":{"line":23,"column":4},"end":{"line":27,"column":5}}],"line":23},"1":{"loc":{"start":{"line":25,"column":11},"end":{"line":27,"column":5}},"type":"if","locations":[{"start":{"line":25,"column":11},"end":{"line":27,"column":5}},{"start":{"line":25,"column":11},"end":{"line":27,"column":5}}],"line":25}},"s":{"0":2,"1":2,"2":1,"3":1,"4":1,"5":2,"6":1,"7":1,"8":1,"9":13,"10":0,"11":2,"12":0},"f":{"0":2,"1":1,"2":1,"3":1,"4":2,"5":13,"6":0,"7":0},"b":{"0":[1,1],"1":[1,0]},"_coverageSchema":"332fd63041d2c1bcb487cc26dd0d5f7d97098a6c","hash":"919bff7966add034bd3f154780647a29f68b7908"}
,"/Users/ttalhouk/Desktop/projects/udemy/react-mead/expensify/src/components/ExpenseListItem.jsx": {"path":"/Users/ttalhouk/Desktop/projects/udemy/react-mead/expensify/src/components/ExpenseListItem.jsx","statementMap":{"0":{"start":{"line":5,"column":24},"end":{"line":15,"column":1}},"1":{"start":{"line":6,"column":2},"end":{"line":14,"column":3}}},"fnMap":{"0":{"name":"(anonymous_0)","decl":{"start":{"line":5,"column":24},"end":{"line":5,"column":25}},"loc":{"start":{"line":5,"column":35},"end":{"line":15,"column":1}},"line":5}},"branchMap":{},"s":{"0":3,"1":1},"f":{"0":1},"b":{},"_coverageSchema":"332fd63041d2c1bcb487cc26dd0d5f7d97098a6c","hash":"f6947bd9ec4dee569245476289e72181cdf1e1e2"}
,"/Users/ttalhouk/Desktop/projects/udemy/react-mead/expensify/src/components/Header.jsx": {"path":"/Users/ttalhouk/Desktop/projects/udemy/react-mead/expensify/src/components/Header.jsx","statementMap":{"0":{"start":{"line":4,"column":15},"end":{"line":12,"column":1}},"1":{"start":{"line":5,"column":2},"end":{"line":11,"column":3}}},"fnMap":{"0":{"name":"(anonymous_0)","decl":{"start":{"line":4,"column":15},"end":{"line":4,"column":16}},"loc":{"start":{"line":4,"column":21},"end":{"line":12,"column":1}},"line":4}},"branchMap":{},"s":{"0":1,"1":1},"f":{"0":1},"b":{},"_coverageSchema":"332fd63041d2c1bcb487cc26dd0d5f7d97098a6c","hash":"de72fe012ca464da8753e387ee5b135aabd1c012"}
,"/Users/ttalhouk/Desktop/projects/udemy/react-mead/expensify/src/components/NotFoundPage.jsx": {"path":"/Users/ttalhouk/Desktop/projects/udemy/react-mead/expensify/src/components/NotFoundPage.jsx","statementMap":{"0":{"start":{"line":4,"column":21},"end":{"line":9,"column":1}},"1":{"start":{"line":5,"column":2},"end":{"line":8,"column":8}}},"fnMap":{"0":{"name":"(anonymous_0)","decl":{"start":{"line":4,"column":21},"end":{"line":4,"column":22}},"loc":{"start":{"line":5,"column":2},"end":{"line":8,"column":8}},"line":5}},"branchMap":{},"s":{"0":1,"1":1},"f":{"0":1},"b":{},"_coverageSchema":"332fd63041d2c1bcb487cc26dd0d5f7d97098a6c","hash":"545f946afbc4d217ece18c3af8c9449f2196be44"}
,"/Users/ttalhouk/Desktop/projects/udemy/react-mead/expensify/src/reducers/expensesReducer.js": {"path":"/Users/ttalhouk/Desktop/projects/udemy/react-mead/expensify/src/reducers/expensesReducer.js","statementMap":{"0":{"start":{"line":3,"column":28},"end":{"line":3,"column":30}},"1":{"start":{"line":5,"column":25},"end":{"line":25,"column":1}},"2":{"start":{"line":6,"column":2},"end":{"line":24,"column":3}},"3":{"start":{"line":8,"column":6},"end":{"line":8,"column":40}},"4":{"start":{"line":10,"column":6},"end":{"line":14,"column":9}},"5":{"start":{"line":11,"column":8},"end":{"line":13,"column":9}},"6":{"start":{"line":12,"column":10},"end":{"line":12,"column":24}},"7":{"start":{"line":16,"column":6},"end":{"line":21,"column":8}},"8":{"start":{"line":17,"column":8},"end":{"line":19,"column":9}},"9":{"start":{"line":18,"column":10},"end":{"line":18,"column":48}},"10":{"start":{"line":20,"column":8},"end":{"line":20,"column":22}},"11":{"start":{"line":23,"column":6},"end":{"line":23,"column":19}}},"fnMap":{"0":{"name":"(anonymous_0)","decl":{"start":{"line":5,"column":25},"end":{"line":5,"column":26}},"loc":{"start":{"line":5,"column":66},"end":{"line":25,"column":1}},"line":5},"1":{"name":"(anonymous_1)","decl":{"start":{"line":10,"column":26},"end":{"line":10,"column":27}},"loc":{"start":{"line":10,"column":39},"end":{"line":14,"column":7}},"line":10},"2":{"name":"(anonymous_2)","decl":{"start":{"line":16,"column":23},"end":{"line":16,"column":24}},"loc":{"start":{"line":16,"column":36},"end":{"line":21,"column":7}},"line":16}},"branchMap":{"0":{"loc":{"start":{"line":5,"column":26},"end":{"line":5,"column":53}},"type":"default-arg","locations":[{"start":{"line":5,"column":34},"end":{"line":5,"column":53}}],"line":5},"1":{"loc":{"start":{"line":6,"column":2},"end":{"line":24,"column":3}},"type":"switch","locations":[{"start":{"line":7,"column":4},"end":{"line":8,"column":40}},{"start":{"line":9,"column":4},"end":{"line":14,"column":9}},{"start":{"line":15,"column":4},"end":{"line":21,"column":8}},{"start":{"line":22,"column":4},"end":{"line":23,"column":19}}],"line":6},"2":{"loc":{"start":{"line":11,"column":8},"end":{"line":13,"column":9}},"type":"if","locations":[{"start":{"line":11,"column":8},"end":{"line":13,"column":9}},{"start":{"line":11,"column":8},"end":{"line":13,"column":9}}],"line":11},"3":{"loc":{"start":{"line":17,"column":8},"end":{"line":19,"column":9}},"type":"if","locations":[{"start":{"line":17,"column":8},"end":{"line":19,"column":9}},{"start":{"line":17,"column":8},"end":{"line":19,"column":9}}],"line":17}},"s":{"0":1,"1":1,"2":6,"3":1,"4":2,"5":6,"6":5,"7":2,"8":6,"9":1,"10":5,"11":1},"f":{"0":6,"1":6,"2":6},"b":{"0":[2],"1":[1,2,2,1],"2":[5,1],"3":[1,5]},"_coverageSchema":"332fd63041d2c1bcb487cc26dd0d5f7d97098a6c","hash":"331468bb8a655e7bf7ec4c75635ffed6083d9c3d"}
,"/Users/ttalhouk/Desktop/projects/udemy/react-mead/expensify/src/reducers/filtersReducer.js": {"path":"/Users/ttalhouk/Desktop/projects/udemy/react-mead/expensify/src/reducers/filtersReducer.js","statementMap":{"0":{"start":{"line":4,"column":28},"end":{"line":9,"column":1}},"1":{"start":{"line":11,"column":23},"end":{"line":26,"column":1}},"2":{"start":{"line":12,"column":2},"end":{"line":25,"column":3}},"3":{"start":{"line":14,"column":6},"end":{"line":14,"column":43}},"4":{"start":{"line":16,"column":6},"end":{"line":16,"column":42}},"5":{"start":{"line":18,"column":6},"end":{"line":18,"column":40}},"6":{"start":{"line":20,"column":6},"end":{"line":20,"column":48}},"7":{"start":{"line":22,"column":6},"end":{"line":22,"column":46}},"8":{"start":{"line":24,"column":6},"end":{"line":24,"column":19}}},"fnMap":{"0":{"name":"(anonymous_0)","decl":{"start":{"line":11,"column":23},"end":{"line":11,"column":24}},"loc":{"start":{"line":11,"column":64},"end":{"line":26,"column":1}},"line":11}},"branchMap":{"0":{"loc":{"start":{"line":11,"column":24},"end":{"line":11,"column":51}},"type":"default-arg","locations":[{"start":{"line":11,"column":32},"end":{"line":11,"column":51}}],"line":11},"1":{"loc":{"start":{"line":12,"column":2},"end":{"line":25,"column":3}},"type":"switch","locations":[{"start":{"line":13,"column":4},"end":{"line":14,"column":43}},{"start":{"line":15,"column":4},"end":{"line":16,"column":42}},{"start":{"line":17,"column":4},"end":{"line":18,"column":40}},{"start":{"line":19,"column":4},"end":{"line":20,"column":48}},{"start":{"line":21,"column":4},"end":{"line":22,"column":46}},{"start":{"line":23,"column":4},"end":{"line":24,"column":19}}],"line":12}},"s":{"0":1,"1":1,"2":6,"3":1,"4":1,"5":1,"6":1,"7":1,"8":1},"f":{"0":6},"b":{"0":[5],"1":[1,1,1,1,1,1]},"_coverageSchema":"332fd63041d2c1bcb487cc26dd0d5f7d97098a6c","hash":"03b3f11e30582bc8d17f488b84b86ad908107d69"}
,"/Users/ttalhouk/Desktop/projects/udemy/react-mead/expensify/src/selectors/expenses.js": {"path":"/Users/ttalhouk/Desktop/projects/udemy/react-mead/expensify/src/selectors/expenses.js","statementMap":{"0":{"start":{"line":3,"column":27},"end":{"line":19,"column":1}},"1":{"start":{"line":4,"column":2},"end":{"line":18,"column":4}},"2":{"start":{"line":7,"column":27},"end":{"line":7,"column":104}},"3":{"start":{"line":8,"column":25},"end":{"line":8,"column":97}},"4":{"start":{"line":9,"column":23},"end":{"line":9,"column":85}},"5":{"start":{"line":11,"column":4},"end":{"line":11,"column":55}},"6":{"start":{"line":13,"column":4},"end":{"line":17,"column":5}},"7":{"start":{"line":14,"column":6},"end":{"line":14,"column":45}},"8":{"start":{"line":15,"column":11},"end":{"line":17,"column":5}},"9":{"start":{"line":16,"column":6},"end":{"line":16,"column":39}}},"fnMap":{"0":{"name":"(anonymous_0)","decl":{"start":{"line":3,"column":27},"end":{"line":3,"column":28}},"loc":{"start":{"line":3,"column":77},"end":{"line":19,"column":1}},"line":3},"1":{"name":"(anonymous_1)","decl":{"start":{"line":4,"column":25},"end":{"line":4,"column":26}},"loc":{"start":{"line":4,"column":38},"end":{"line":12,"column":3}},"line":4},"2":{"name":"(anonymous_2)","decl":{"start":{"line":12,"column":10},"end":{"line":12,"column":11}},"loc":{"start":{"line":12,"column":26},"end":{"line":18,"column":3}},"line":12}},"branchMap":{"0":{"loc":{"start":{"line":7,"column":27},"end":{"line":7,"column":104}},"type":"cond-expr","locations":[{"start":{"line":7,"column":39},"end":{"line":7,"column":97}},{"start":{"line":7,"column":100},"end":{"line":7,"column":104}}],"line":7},"1":{"loc":{"start":{"line":8,"column":25},"end":{"line":8,"column":97}},"type":"cond-expr","locations":[{"start":{"line":8,"column":35},"end":{"line":8,"column":90}},{"start":{"line":8,"column":93},"end":{"line":8,"column":97}}],"line":8},"2":{"loc":{"start":{"line":11,"column":11},"end":{"line":11,"column":54}},"type":"binary-expr","locations":[{"start":{"line":11,"column":11},"end":{"line":11,"column":20}},{"start":{"line":11,"column":24},"end":{"line":11,"column":38}},{"start":{"line":11,"column":42},"end":{"line":11,"column":54}}],"line":11},"3":{"loc":{"start":{"line":13,"column":4},"end":{"line":17,"column":5}},"type":"if","locations":[{"start":{"line":13,"column":4},"end":{"line":17,"column":5}},{"start":{"line":13,"column":4},"end":{"line":17,"column":5}}],"line":13},"4":{"loc":{"start":{"line":15,"column":11},"end":{"line":17,"column":5}},"type":"if","locations":[{"start":{"line":15,"column":11},"end":{"line":17,"column":5}},{"start":{"line":15,"column":11},"end":{"line":17,"column":5}}],"line":15}},"s":{"0":3,"1":5,"2":15,"3":15,"4":15,"5":15,"6":7,"7":2,"8":5,"9":3},"f":{"0":5,"1":15,"2":7},"b":{"0":[3,12],"1":[3,12],"2":[15,14,13],"3":[2,5],"4":[3,2]},"_coverageSchema":"332fd63041d2c1bcb487cc26dd0d5f7d97098a6c","hash":"0e71cd95eedf72bf37375e28a43451fbbff42dae"}
,"/Users/ttalhouk/Desktop/projects/udemy/react-mead/expensify/src/tests/setupTests.js": {"path":"/Users/ttalhouk/Desktop/projects/udemy/react-mead/expensify/src/tests/setupTests.js","statementMap":{"0":{"start":{"line":4,"column":0},"end":{"line":6,"column":3}}},"fnMap":{},"branchMap":{},"s":{"0":14},"f":{},"b":{},"_coverageSchema":"332fd63041d2c1bcb487cc26dd0d5f7d97098a6c","hash":"338ae71a42a6463c9c45ff4a76b74fa432c9d288"}
,"/Users/ttalhouk/Desktop/projects/udemy/react-mead/expensify/src/tests/fixtures/expenses.js": {"path":"/Users/ttalhouk/Desktop/projects/udemy/react-mead/expensify/src/tests/fixtures/expenses.js","statementMap":{"0":{"start":{"line":3,"column":24},"end":{"line":25,"column":1}}},"fnMap":{},"branchMap":{},"s":{"0":9},"f":{},"b":{},"_coverageSchema":"332fd63041d2c1bcb487cc26dd0d5f7d97098a6c","hash":"da52f57b2fbe4779ef9a9df2455fb1a1dba6d8ea"}
,"/Users/ttalhouk/Desktop/projects/udemy/react-mead/expensify/src/tests/fixtures/filters.js": {"path":"/Users/ttalhouk/Desktop/projects/udemy/react-mead/expensify/src/tests/fixtures/filters.js","statementMap":{"0":{"start":{"line":3,"column":30},"end":{"line":8,"column":1}},"1":{"start":{"line":10,"column":23},"end":{"line":15,"column":1}}},"fnMap":{},"branchMap":{},"s":{"0":1,"1":1},"f":{},"b":{},"_coverageSchema":"332fd63041d2c1bcb487cc26dd0d5f7d97098a6c","hash":"c551985b6befa99db72412a520dba7e1c44559fb"}
}
