TN:
SF:/Users/ttalhouk/Desktop/projects/udemy/react-mead/expensify/src/actions/expenses.js
FN:4,(anonymous_0)
FN:16,(anonymous_1)
FN:22,(anonymous_2)
FNF:3
FNH:3
FNDA:2,(anonymous_0)
FNDA:1,(anonymous_1)
FNDA:1,(anonymous_2)
DA:4,6
DA:5,2
DA:16,6
DA:17,1
DA:22,6
DA:23,1
LF:6
LH:6
BRDA:4,0,0,1
BRDA:4,1,0,1
BRDA:4,2,0,1
BRDA:4,3,0,1
BRDA:4,4,0,1
BRF:5
BRH:5
end_of_record
TN:
SF:/Users/ttalhouk/Desktop/projects/udemy/react-mead/expensify/src/actions/filters.js
FN:1,(anonymous_0)
FN:8,(anonymous_1)
FN:14,(anonymous_2)
FN:20,(anonymous_3)
FN:26,(anonymous_4)
FNF:5
FNH:5
FNDA:2,(anonymous_0)
FNDA:1,(anonymous_1)
FNDA:1,(anonymous_2)
FNDA:1,(anonymous_3)
FNDA:1,(anonymous_4)
DA:1,3
DA:2,2
DA:8,3
DA:9,1
DA:14,3
DA:15,1
DA:20,3
DA:21,1
DA:26,3
DA:27,1
LF:10
LH:10
BRDA:1,0,0,1
BRF:1
BRH:1
end_of_record
TN:
SF:/Users/ttalhouk/Desktop/projects/udemy/react-mead/expensify/src/components/AddExpensePage.jsx
FN:8,(anonymous_0)
FN:12,(anonymous_1)
FN:25,(anonymous_2)
FN:27,(anonymous_3)
FNF:4
FNH:2
FNDA:1,(anonymous_0)
FNDA:2,(anonymous_1)
FNDA:0,(anonymous_2)
FNDA:0,(anonymous_3)
DA:9,1
DA:10,1
DA:13,2
DA:25,1
DA:26,0
DA:28,0
LF:6
LH:4
BRF:0
BRH:0
end_of_record
TN:
SF:/Users/ttalhouk/Desktop/projects/udemy/react-mead/expensify/src/components/EditExpensePage.jsx
FN:11,(anonymous_0)
FN:15,(anonymous_1)
FN:20,(anonymous_2)
FN:39,(anonymous_3)
FN:41,(anonymous_4)
FN:46,(anonymous_5)
FN:48,(anonymous_6)
FN:49,(anonymous_7)
FNF:8
FNH:3
FNDA:1,(anonymous_0)
FNDA:1,(anonymous_1)
FNDA:3,(anonymous_2)
FNDA:0,(anonymous_3)
FNDA:0,(anonymous_4)
FNDA:0,(anonymous_5)
FNDA:0,(anonymous_6)
FNDA:0,(anonymous_7)
DA:12,1
DA:13,1
DA:16,1
DA:17,1
DA:21,3
DA:39,1
DA:40,0
DA:42,0
DA:46,1
DA:47,0
DA:48,0
DA:49,0
LF:12
LH:7
BRF:0
BRH:0
end_of_record
TN:
SF:/Users/ttalhouk/Desktop/projects/udemy/react-mead/expensify/src/components/ExpenseDashboardPage.jsx
FN:6,(anonymous_0)
FNF:1
FNH:1
FNDA:1,(anonymous_0)
DA:6,1
DA:7,1
LF:2
LH:2
BRF:0
BRH:0
end_of_record
TN:
SF:/Users/ttalhouk/Desktop/projects/udemy/react-mead/expensify/src/components/ExpenseForm.jsx
FN:6,(anonymous_0)
FN:17,(anonymous_1)
FN:19,(anonymous_2)
FN:23,(anonymous_3)
FN:25,(anonymous_4)
FN:29,(anonymous_5)
FN:32,(anonymous_6)
FN:37,(anonymous_7)
FN:39,(anonymous_8)
FN:44,(anonymous_9)
FN:45,(anonymous_10)
FN:49,(anonymous_11)
FN:52,(anonymous_12)
FN:56,(anonymous_13)
FN:68,(anonymous_14)
FN:100,(anonymous_15)
FNF:16
FNH:15
FNDA:10,(anonymous_0)
FNDA:1,(anonymous_1)
FNDA:1,(anonymous_2)
FNDA:1,(anonymous_3)
FNDA:1,(anonymous_4)
FNDA:3,(anonymous_5)
FNDA:2,(anonymous_6)
FNDA:1,(anonymous_7)
FNDA:1,(anonymous_8)
FNDA:1,(anonymous_9)
FNDA:1,(anonymous_10)
FNDA:2,(anonymous_11)
FNDA:1,(anonymous_12)
FNDA:1,(anonymous_13)
FNDA:18,(anonymous_14)
FNDA:0,(anonymous_15)
DA:7,10
DA:8,10
DA:18,1
DA:19,1
DA:20,1
DA:24,1
DA:25,1
DA:26,1
DA:30,3
DA:31,3
DA:32,2
DA:33,2
DA:38,1
DA:39,1
DA:40,1
DA:45,1
DA:46,1
DA:50,2
DA:51,2
DA:52,1
DA:53,1
DA:56,1
DA:57,1
DA:59,1
DA:69,18
DA:100,0
LF:26
LH:25
BRDA:9,0,0,2
BRDA:9,0,1,8
BRDA:10,1,0,2
BRDA:10,1,1,8
BRDA:11,2,0,2
BRDA:11,2,1,8
BRDA:12,3,0,2
BRDA:12,3,1,8
BRDA:31,4,0,2
BRDA:31,4,1,1
BRDA:31,5,0,3
BRDA:31,5,1,3
BRDA:38,6,0,1
BRDA:38,6,1,0
BRDA:51,7,0,1
BRDA:51,7,1,1
BRDA:51,8,0,2
BRDA:51,8,1,1
BRDA:71,9,0,18
BRDA:71,9,1,1
BRF:20
BRH:19
end_of_record
TN:
SF:/Users/ttalhouk/Desktop/projects/udemy/react-mead/expensify/src/components/ExpenseList.jsx
FN:8,(anonymous_0)
FN:13,(anonymous_1)
FN:23,(anonymous_2)
FNF:3
FNH:2
FNDA:2,(anonymous_0)
FNDA:3,(anonymous_1)
FNDA:0,(anonymous_2)
DA:8,2
DA:9,2
DA:14,3
DA:23,2
DA:24,0
LF:5
LH:4
BRDA:12,0,0,1
BRDA:12,0,1,1
BRF:2
BRH:2
end_of_record
TN:
SF:/Users/ttalhouk/Desktop/projects/udemy/react-mead/expensify/src/components/ExpenseListFilters.jsx
FN:12,(anonymous_0)
FN:16,(anonymous_1)
FN:17,(anonymous_2)
FN:19,(anonymous_3)
FN:22,(anonymous_4)
FN:29,(anonymous_5)
FN:50,(anonymous_6)
FN:58,(anonymous_7)
FNF:8
FNH:6
FNDA:2,(anonymous_0)
FNDA:1,(anonymous_1)
FNDA:1,(anonymous_2)
FNDA:1,(anonymous_3)
FNDA:2,(anonymous_4)
FNDA:13,(anonymous_5)
FNDA:0,(anonymous_6)
FNDA:0,(anonymous_7)
DA:13,2
DA:14,2
DA:17,1
DA:20,1
DA:23,2
DA:24,1
DA:25,1
DA:26,1
DA:30,13
DA:50,0
DA:58,2
DA:59,0
LF:12
LH:10
BRDA:23,0,0,1
BRDA:23,0,1,1
BRDA:25,1,0,1
BRDA:25,1,1,0
BRF:4
BRH:3
end_of_record
TN:
SF:/Users/ttalhouk/Desktop/projects/udemy/react-mead/expensify/src/components/ExpenseListItem.jsx
FN:5,(anonymous_0)
FNF:1
FNH:1
FNDA:1,(anonymous_0)
DA:5,3
DA:6,1
LF:2
LH:2
BRF:0
BRH:0
end_of_record
TN:
SF:/Users/ttalhouk/Desktop/projects/udemy/react-mead/expensify/src/components/Header.jsx
FN:4,(anonymous_0)
FNF:1
FNH:1
FNDA:1,(anonymous_0)
DA:4,1
DA:5,1
LF:2
LH:2
BRF:0
BRH:0
end_of_record
TN:
SF:/Users/ttalhouk/Desktop/projects/udemy/react-mead/expensify/src/components/NotFoundPage.jsx
FN:4,(anonymous_0)
FNF:1
FNH:1
FNDA:1,(anonymous_0)
DA:4,1
DA:5,1
LF:2
LH:2
BRF:0
BRH:0
end_of_record
TN:
SF:/Users/ttalhouk/Desktop/projects/udemy/react-mead/expensify/src/reducers/expensesReducer.js
FN:5,(anonymous_0)
FN:10,(anonymous_1)
FN:16,(anonymous_2)
FNF:3
FNH:3
FNDA:6,(anonymous_0)
FNDA:6,(anonymous_1)
FNDA:6,(anonymous_2)
DA:3,1
DA:5,1
DA:6,6
DA:8,1
DA:10,2
DA:11,6
DA:12,5
DA:16,2
DA:17,6
DA:18,1
DA:20,5
DA:23,1
LF:12
LH:12
BRDA:5,0,0,2
BRDA:6,1,0,1
BRDA:6,1,1,2
BRDA:6,1,2,2
BRDA:6,1,3,1
BRDA:11,2,0,5
BRDA:11,2,1,1
BRDA:17,3,0,1
BRDA:17,3,1,5
BRF:9
BRH:9
end_of_record
TN:
SF:/Users/ttalhouk/Desktop/projects/udemy/react-mead/expensify/src/reducers/filtersReducer.js
FN:11,(anonymous_0)
FNF:1
FNH:1
FNDA:6,(anonymous_0)
DA:4,1
DA:11,1
DA:12,6
DA:14,1
DA:16,1
DA:18,1
DA:20,1
DA:22,1
DA:24,1
LF:9
LH:9
BRDA:11,0,0,5
BRDA:12,1,0,1
BRDA:12,1,1,1
BRDA:12,1,2,1
BRDA:12,1,3,1
BRDA:12,1,4,1
BRDA:12,1,5,1
BRF:7
BRH:7
end_of_record
TN:
SF:/Users/ttalhouk/Desktop/projects/udemy/react-mead/expensify/src/selectors/expenses.js
FN:3,(anonymous_0)
FN:4,(anonymous_1)
FN:12,(anonymous_2)
FNF:3
FNH:3
FNDA:5,(anonymous_0)
FNDA:15,(anonymous_1)
FNDA:7,(anonymous_2)
DA:3,3
DA:4,5
DA:7,15
DA:8,15
DA:9,15
DA:11,15
DA:13,7
DA:14,2
DA:15,5
DA:16,3
LF:10
LH:10
BRDA:7,0,0,3
BRDA:7,0,1,12
BRDA:8,1,0,3
BRDA:8,1,1,12
BRDA:11,2,0,15
BRDA:11,2,1,14
BRDA:11,2,2,13
BRDA:13,3,0,2
BRDA:13,3,1,5
BRDA:15,4,0,3
BRDA:15,4,1,2
BRF:11
BRH:11
end_of_record
TN:
SF:/Users/ttalhouk/Desktop/projects/udemy/react-mead/expensify/src/tests/setupTests.js
FNF:0
FNH:0
DA:4,14
LF:1
LH:1
BRF:0
BRH:0
end_of_record
TN:
SF:/Users/ttalhouk/Desktop/projects/udemy/react-mead/expensify/src/tests/fixtures/expenses.js
FNF:0
FNH:0
DA:3,9
LF:1
LH:1
BRF:0
BRH:0
end_of_record
TN:
SF:/Users/ttalhouk/Desktop/projects/udemy/react-mead/expensify/src/tests/fixtures/filters.js
FNF:0
FNH:0
DA:3,1
DA:10,1
LF:2
LH:2
BRF:0
BRH:0
end_of_record
